1631146716481|0|statement|connection 2|url jdbc:h2:mem:12d5b278-32e5-432c-b9a4-6f34c26d0c00|drop table if exists member CASCADE |drop table if exists member CASCADE 
1631146716482|0|statement|connection 2|url jdbc:h2:mem:12d5b278-32e5-432c-b9a4-6f34c26d0c00|drop table if exists team CASCADE |drop table if exists team CASCADE 
1631146716483|0|statement|connection 2|url jdbc:h2:mem:12d5b278-32e5-432c-b9a4-6f34c26d0c00|drop sequence if exists hibernate_sequence|drop sequence if exists hibernate_sequence
1631146716487|1|statement|connection 3|url jdbc:h2:mem:12d5b278-32e5-432c-b9a4-6f34c26d0c00|create sequence hibernate_sequence start with 1 increment by 1|create sequence hibernate_sequence start with 1 increment by 1
1631146716498|10|statement|connection 3|url jdbc:h2:mem:12d5b278-32e5-432c-b9a4-6f34c26d0c00|create table member (member_id bigint not null, created_by varchar(255), created_date timestamp, last_modified_by varchar(255), last_modified_date timestamp, age integer not null, username varchar(255), team_id bigint, primary key (member_id))|create table member (member_id bigint not null, created_by varchar(255), created_date timestamp, last_modified_by varchar(255), last_modified_date timestamp, age integer not null, username varchar(255), team_id bigint, primary key (member_id))
1631146716499|0|statement|connection 3|url jdbc:h2:mem:12d5b278-32e5-432c-b9a4-6f34c26d0c00|create table team (team_id bigint not null, name varchar(255), primary key (team_id))|create table team (team_id bigint not null, name varchar(255), primary key (team_id))
1631146716512|11|statement|connection 3|url jdbc:h2:mem:12d5b278-32e5-432c-b9a4-6f34c26d0c00|alter table member add constraint FKcjte2jn9pvo9ud2hyfgwcja0k foreign key (team_id) references team|alter table member add constraint FKcjte2jn9pvo9ud2hyfgwcja0k foreign key (team_id) references team
1631146717938|6|statement|connection 5|url jdbc:h2:mem:12d5b278-32e5-432c-b9a4-6f34c26d0c00|drop table if exists member CASCADE |drop table if exists member CASCADE 
1631146717941|1|statement|connection 5|url jdbc:h2:mem:12d5b278-32e5-432c-b9a4-6f34c26d0c00|drop table if exists team CASCADE |drop table if exists team CASCADE 
1631146717944|1|statement|connection 5|url jdbc:h2:mem:12d5b278-32e5-432c-b9a4-6f34c26d0c00|drop sequence if exists hibernate_sequence|drop sequence if exists hibernate_sequence
1631146752794|0|statement|connection 2|url jdbc:h2:mem:406c38cf-a18a-46ff-9023-46973ed0c90c|drop table if exists member CASCADE |drop table if exists member CASCADE 
1631146752795|0|statement|connection 2|url jdbc:h2:mem:406c38cf-a18a-46ff-9023-46973ed0c90c|drop table if exists team CASCADE |drop table if exists team CASCADE 
1631146752796|0|statement|connection 2|url jdbc:h2:mem:406c38cf-a18a-46ff-9023-46973ed0c90c|drop sequence if exists hibernate_sequence|drop sequence if exists hibernate_sequence
1631146752801|2|statement|connection 3|url jdbc:h2:mem:406c38cf-a18a-46ff-9023-46973ed0c90c|create sequence hibernate_sequence start with 1 increment by 1|create sequence hibernate_sequence start with 1 increment by 1
1631146752807|5|statement|connection 3|url jdbc:h2:mem:406c38cf-a18a-46ff-9023-46973ed0c90c|create table member (member_id bigint not null, created_by varchar(255), created_date timestamp, last_modified_by varchar(255), last_modified_date timestamp, age integer not null, username varchar(255), team_id bigint, primary key (member_id))|create table member (member_id bigint not null, created_by varchar(255), created_date timestamp, last_modified_by varchar(255), last_modified_date timestamp, age integer not null, username varchar(255), team_id bigint, primary key (member_id))
1631146752808|0|statement|connection 3|url jdbc:h2:mem:406c38cf-a18a-46ff-9023-46973ed0c90c|create table team (team_id bigint not null, name varchar(255), primary key (team_id))|create table team (team_id bigint not null, name varchar(255), primary key (team_id))
1631146752816|7|statement|connection 3|url jdbc:h2:mem:406c38cf-a18a-46ff-9023-46973ed0c90c|alter table member add constraint FKcjte2jn9pvo9ud2hyfgwcja0k foreign key (team_id) references team|alter table member add constraint FKcjte2jn9pvo9ud2hyfgwcja0k foreign key (team_id) references team
1631146753853|6|statement|connection 5|url jdbc:h2:mem:406c38cf-a18a-46ff-9023-46973ed0c90c|drop table if exists member CASCADE |drop table if exists member CASCADE 
1631146753855|0|statement|connection 5|url jdbc:h2:mem:406c38cf-a18a-46ff-9023-46973ed0c90c|drop table if exists team CASCADE |drop table if exists team CASCADE 
1631146753856|0|statement|connection 5|url jdbc:h2:mem:406c38cf-a18a-46ff-9023-46973ed0c90c|drop sequence if exists hibernate_sequence|drop sequence if exists hibernate_sequence
1631146826758|0|statement|connection 2|url jdbc:h2:mem:cc4066c4-7371-496c-a803-4cd682c29be5|drop table if exists member CASCADE |drop table if exists member CASCADE 
1631146826759|0|statement|connection 2|url jdbc:h2:mem:cc4066c4-7371-496c-a803-4cd682c29be5|drop table if exists team CASCADE |drop table if exists team CASCADE 
1631146826759|0|statement|connection 2|url jdbc:h2:mem:cc4066c4-7371-496c-a803-4cd682c29be5|drop sequence if exists hibernate_sequence|drop sequence if exists hibernate_sequence
1631146826764|2|statement|connection 3|url jdbc:h2:mem:cc4066c4-7371-496c-a803-4cd682c29be5|create sequence hibernate_sequence start with 1 increment by 1|create sequence hibernate_sequence start with 1 increment by 1
1631146826771|6|statement|connection 3|url jdbc:h2:mem:cc4066c4-7371-496c-a803-4cd682c29be5|create table member (member_id bigint not null, created_by varchar(255), created_date timestamp, last_modified_by varchar(255), last_modified_date timestamp, age integer not null, username varchar(255), team_id bigint, primary key (member_id))|create table member (member_id bigint not null, created_by varchar(255), created_date timestamp, last_modified_by varchar(255), last_modified_date timestamp, age integer not null, username varchar(255), team_id bigint, primary key (member_id))
1631146826773|0|statement|connection 3|url jdbc:h2:mem:cc4066c4-7371-496c-a803-4cd682c29be5|create table team (team_id bigint not null, name varchar(255), primary key (team_id))|create table team (team_id bigint not null, name varchar(255), primary key (team_id))
1631146826782|8|statement|connection 3|url jdbc:h2:mem:cc4066c4-7371-496c-a803-4cd682c29be5|alter table member add constraint FKcjte2jn9pvo9ud2hyfgwcja0k foreign key (team_id) references team|alter table member add constraint FKcjte2jn9pvo9ud2hyfgwcja0k foreign key (team_id) references team
1631146827802|5|statement|connection 5|url jdbc:h2:mem:cc4066c4-7371-496c-a803-4cd682c29be5|drop table if exists member CASCADE |drop table if exists member CASCADE 
1631146827803|0|statement|connection 5|url jdbc:h2:mem:cc4066c4-7371-496c-a803-4cd682c29be5|drop table if exists team CASCADE |drop table if exists team CASCADE 
1631146827805|0|statement|connection 5|url jdbc:h2:mem:cc4066c4-7371-496c-a803-4cd682c29be5|drop sequence if exists hibernate_sequence|drop sequence if exists hibernate_sequence
1631146945241|1|statement|connection 2|url jdbc:h2:mem:43e561d3-08d8-416d-8299-4d61e608052f|drop table if exists member CASCADE |drop table if exists member CASCADE 
1631146945242|0|statement|connection 2|url jdbc:h2:mem:43e561d3-08d8-416d-8299-4d61e608052f|drop table if exists team CASCADE |drop table if exists team CASCADE 
1631146945242|0|statement|connection 2|url jdbc:h2:mem:43e561d3-08d8-416d-8299-4d61e608052f|drop sequence if exists hibernate_sequence|drop sequence if exists hibernate_sequence
1631146945246|1|statement|connection 3|url jdbc:h2:mem:43e561d3-08d8-416d-8299-4d61e608052f|create sequence hibernate_sequence start with 1 increment by 1|create sequence hibernate_sequence start with 1 increment by 1
1631146945252|4|statement|connection 3|url jdbc:h2:mem:43e561d3-08d8-416d-8299-4d61e608052f|create table member (member_id bigint not null, created_by varchar(255), created_date timestamp, last_modified_by varchar(255), last_modified_date timestamp, age integer not null, username varchar(255), team_id bigint, primary key (member_id))|create table member (member_id bigint not null, created_by varchar(255), created_date timestamp, last_modified_by varchar(255), last_modified_date timestamp, age integer not null, username varchar(255), team_id bigint, primary key (member_id))
1631146945253|0|statement|connection 3|url jdbc:h2:mem:43e561d3-08d8-416d-8299-4d61e608052f|create table team (team_id bigint not null, name varchar(255), primary key (team_id))|create table team (team_id bigint not null, name varchar(255), primary key (team_id))
1631146945263|9|statement|connection 3|url jdbc:h2:mem:43e561d3-08d8-416d-8299-4d61e608052f|alter table member add constraint FKcjte2jn9pvo9ud2hyfgwcja0k foreign key (team_id) references team|alter table member add constraint FKcjte2jn9pvo9ud2hyfgwcja0k foreign key (team_id) references team
1631146946305|5|statement|connection 5|url jdbc:h2:mem:43e561d3-08d8-416d-8299-4d61e608052f|drop table if exists member CASCADE |drop table if exists member CASCADE 
1631146946306|0|statement|connection 5|url jdbc:h2:mem:43e561d3-08d8-416d-8299-4d61e608052f|drop table if exists team CASCADE |drop table if exists team CASCADE 
1631146946308|1|statement|connection 5|url jdbc:h2:mem:43e561d3-08d8-416d-8299-4d61e608052f|drop sequence if exists hibernate_sequence|drop sequence if exists hibernate_sequence
1631147028995|1|statement|connection 2|url jdbc:h2:mem:8c9f9c32-039f-4ef7-b48c-9abbd2c20417|drop table if exists member CASCADE |drop table if exists member CASCADE 
1631147028996|0|statement|connection 2|url jdbc:h2:mem:8c9f9c32-039f-4ef7-b48c-9abbd2c20417|drop table if exists team CASCADE |drop table if exists team CASCADE 
1631147028997|0|statement|connection 2|url jdbc:h2:mem:8c9f9c32-039f-4ef7-b48c-9abbd2c20417|drop sequence if exists hibernate_sequence|drop sequence if exists hibernate_sequence
1631147029001|1|statement|connection 3|url jdbc:h2:mem:8c9f9c32-039f-4ef7-b48c-9abbd2c20417|create sequence hibernate_sequence start with 1 increment by 1|create sequence hibernate_sequence start with 1 increment by 1
1631147029006|4|statement|connection 3|url jdbc:h2:mem:8c9f9c32-039f-4ef7-b48c-9abbd2c20417|create table member (member_id bigint not null, created_by varchar(255), created_date timestamp, last_modified_by varchar(255), last_modified_date timestamp, age integer not null, username varchar(255), team_id bigint, primary key (member_id))|create table member (member_id bigint not null, created_by varchar(255), created_date timestamp, last_modified_by varchar(255), last_modified_date timestamp, age integer not null, username varchar(255), team_id bigint, primary key (member_id))
1631147029007|0|statement|connection 3|url jdbc:h2:mem:8c9f9c32-039f-4ef7-b48c-9abbd2c20417|create table team (team_id bigint not null, name varchar(255), primary key (team_id))|create table team (team_id bigint not null, name varchar(255), primary key (team_id))
1631147029016|8|statement|connection 3|url jdbc:h2:mem:8c9f9c32-039f-4ef7-b48c-9abbd2c20417|alter table member add constraint FKcjte2jn9pvo9ud2hyfgwcja0k foreign key (team_id) references team|alter table member add constraint FKcjte2jn9pvo9ud2hyfgwcja0k foreign key (team_id) references team
1631147030158|6|statement|connection 5|url jdbc:h2:mem:8c9f9c32-039f-4ef7-b48c-9abbd2c20417|drop table if exists member CASCADE |drop table if exists member CASCADE 
1631147030159|1|statement|connection 5|url jdbc:h2:mem:8c9f9c32-039f-4ef7-b48c-9abbd2c20417|drop table if exists team CASCADE |drop table if exists team CASCADE 
1631147030161|1|statement|connection 5|url jdbc:h2:mem:8c9f9c32-039f-4ef7-b48c-9abbd2c20417|drop sequence if exists hibernate_sequence|drop sequence if exists hibernate_sequence
1631147167611|0|statement|connection 2|url jdbc:h2:mem:5cfcdbba-04f5-492c-9213-14a2a36e3b2a|drop table if exists member CASCADE |drop table if exists member CASCADE 
1631147167612|0|statement|connection 2|url jdbc:h2:mem:5cfcdbba-04f5-492c-9213-14a2a36e3b2a|drop table if exists team CASCADE |drop table if exists team CASCADE 
1631147167612|0|statement|connection 2|url jdbc:h2:mem:5cfcdbba-04f5-492c-9213-14a2a36e3b2a|drop sequence if exists hibernate_sequence|drop sequence if exists hibernate_sequence
1631147167616|1|statement|connection 3|url jdbc:h2:mem:5cfcdbba-04f5-492c-9213-14a2a36e3b2a|create sequence hibernate_sequence start with 1 increment by 1|create sequence hibernate_sequence start with 1 increment by 1
1631147167621|4|statement|connection 3|url jdbc:h2:mem:5cfcdbba-04f5-492c-9213-14a2a36e3b2a|create table member (member_id bigint not null, created_by varchar(255), created_date timestamp, last_modified_by varchar(255), last_modified_date timestamp, age integer not null, username varchar(255), team_id bigint, primary key (member_id))|create table member (member_id bigint not null, created_by varchar(255), created_date timestamp, last_modified_by varchar(255), last_modified_date timestamp, age integer not null, username varchar(255), team_id bigint, primary key (member_id))
1631147167622|0|statement|connection 3|url jdbc:h2:mem:5cfcdbba-04f5-492c-9213-14a2a36e3b2a|create table team (team_id bigint not null, name varchar(255), primary key (team_id))|create table team (team_id bigint not null, name varchar(255), primary key (team_id))
1631147167629|6|statement|connection 3|url jdbc:h2:mem:5cfcdbba-04f5-492c-9213-14a2a36e3b2a|alter table member add constraint FKcjte2jn9pvo9ud2hyfgwcja0k foreign key (team_id) references team|alter table member add constraint FKcjte2jn9pvo9ud2hyfgwcja0k foreign key (team_id) references team
1631147168699|5|statement|connection 5|url jdbc:h2:mem:5cfcdbba-04f5-492c-9213-14a2a36e3b2a|drop table if exists member CASCADE |drop table if exists member CASCADE 
1631147168701|0|statement|connection 5|url jdbc:h2:mem:5cfcdbba-04f5-492c-9213-14a2a36e3b2a|drop table if exists team CASCADE |drop table if exists team CASCADE 
1631147168702|0|statement|connection 5|url jdbc:h2:mem:5cfcdbba-04f5-492c-9213-14a2a36e3b2a|drop sequence if exists hibernate_sequence|drop sequence if exists hibernate_sequence
1631147294987|0|statement|connection 2|url jdbc:h2:mem:110f90e8-ae9c-4cf6-aac4-40f8356ab25e|drop table if exists member CASCADE |drop table if exists member CASCADE 
1631147294988|0|statement|connection 2|url jdbc:h2:mem:110f90e8-ae9c-4cf6-aac4-40f8356ab25e|drop table if exists team CASCADE |drop table if exists team CASCADE 
1631147294989|0|statement|connection 2|url jdbc:h2:mem:110f90e8-ae9c-4cf6-aac4-40f8356ab25e|drop sequence if exists hibernate_sequence|drop sequence if exists hibernate_sequence
1631147294993|1|statement|connection 3|url jdbc:h2:mem:110f90e8-ae9c-4cf6-aac4-40f8356ab25e|create sequence hibernate_sequence start with 1 increment by 1|create sequence hibernate_sequence start with 1 increment by 1
1631147294998|4|statement|connection 3|url jdbc:h2:mem:110f90e8-ae9c-4cf6-aac4-40f8356ab25e|create table member (member_id bigint not null, created_by varchar(255), created_date timestamp, last_modified_by varchar(255), last_modified_date timestamp, age integer not null, username varchar(255), team_id bigint, primary key (member_id))|create table member (member_id bigint not null, created_by varchar(255), created_date timestamp, last_modified_by varchar(255), last_modified_date timestamp, age integer not null, username varchar(255), team_id bigint, primary key (member_id))
1631147294999|0|statement|connection 3|url jdbc:h2:mem:110f90e8-ae9c-4cf6-aac4-40f8356ab25e|create table team (team_id bigint not null, name varchar(255), primary key (team_id))|create table team (team_id bigint not null, name varchar(255), primary key (team_id))
1631147295008|8|statement|connection 3|url jdbc:h2:mem:110f90e8-ae9c-4cf6-aac4-40f8356ab25e|alter table member add constraint FKcjte2jn9pvo9ud2hyfgwcja0k foreign key (team_id) references team|alter table member add constraint FKcjte2jn9pvo9ud2hyfgwcja0k foreign key (team_id) references team
1631147296020|5|statement|connection 5|url jdbc:h2:mem:110f90e8-ae9c-4cf6-aac4-40f8356ab25e|drop table if exists member CASCADE |drop table if exists member CASCADE 
1631147296023|1|statement|connection 5|url jdbc:h2:mem:110f90e8-ae9c-4cf6-aac4-40f8356ab25e|drop table if exists team CASCADE |drop table if exists team CASCADE 
1631147296025|1|statement|connection 5|url jdbc:h2:mem:110f90e8-ae9c-4cf6-aac4-40f8356ab25e|drop sequence if exists hibernate_sequence|drop sequence if exists hibernate_sequence
1631147461939|0|statement|connection 2|url jdbc:h2:mem:c8671245-0d1e-4490-877f-2c7c36a5ff82|drop table if exists member CASCADE |drop table if exists member CASCADE 
1631147461940|0|statement|connection 2|url jdbc:h2:mem:c8671245-0d1e-4490-877f-2c7c36a5ff82|drop table if exists team CASCADE |drop table if exists team CASCADE 
1631147461941|0|statement|connection 2|url jdbc:h2:mem:c8671245-0d1e-4490-877f-2c7c36a5ff82|drop sequence if exists hibernate_sequence|drop sequence if exists hibernate_sequence
1631147461944|1|statement|connection 3|url jdbc:h2:mem:c8671245-0d1e-4490-877f-2c7c36a5ff82|create sequence hibernate_sequence start with 1 increment by 1|create sequence hibernate_sequence start with 1 increment by 1
1631147461949|4|statement|connection 3|url jdbc:h2:mem:c8671245-0d1e-4490-877f-2c7c36a5ff82|create table member (member_id bigint not null, created_by varchar(255), created_date timestamp, last_modified_by varchar(255), last_modified_date timestamp, age integer not null, username varchar(255), team_id bigint, primary key (member_id))|create table member (member_id bigint not null, created_by varchar(255), created_date timestamp, last_modified_by varchar(255), last_modified_date timestamp, age integer not null, username varchar(255), team_id bigint, primary key (member_id))
1631147461950|0|statement|connection 3|url jdbc:h2:mem:c8671245-0d1e-4490-877f-2c7c36a5ff82|create table team (team_id bigint not null, name varchar(255), primary key (team_id))|create table team (team_id bigint not null, name varchar(255), primary key (team_id))
1631147461958|7|statement|connection 3|url jdbc:h2:mem:c8671245-0d1e-4490-877f-2c7c36a5ff82|alter table member add constraint FKcjte2jn9pvo9ud2hyfgwcja0k foreign key (team_id) references team|alter table member add constraint FKcjte2jn9pvo9ud2hyfgwcja0k foreign key (team_id) references team
1631147463004|5|statement|connection 5|url jdbc:h2:mem:c8671245-0d1e-4490-877f-2c7c36a5ff82|drop table if exists member CASCADE |drop table if exists member CASCADE 
1631147463005|0|statement|connection 5|url jdbc:h2:mem:c8671245-0d1e-4490-877f-2c7c36a5ff82|drop table if exists team CASCADE |drop table if exists team CASCADE 
1631147463007|1|statement|connection 5|url jdbc:h2:mem:c8671245-0d1e-4490-877f-2c7c36a5ff82|drop sequence if exists hibernate_sequence|drop sequence if exists hibernate_sequence
1631147759312|1|statement|connection 2|url jdbc:h2:mem:855cd649-ad31-4d5c-ac49-5d2635768e03|drop table if exists member CASCADE |drop table if exists member CASCADE 
1631147759313|0|statement|connection 2|url jdbc:h2:mem:855cd649-ad31-4d5c-ac49-5d2635768e03|drop table if exists team CASCADE |drop table if exists team CASCADE 
1631147759314|0|statement|connection 2|url jdbc:h2:mem:855cd649-ad31-4d5c-ac49-5d2635768e03|drop sequence if exists hibernate_sequence|drop sequence if exists hibernate_sequence
1631147759318|1|statement|connection 3|url jdbc:h2:mem:855cd649-ad31-4d5c-ac49-5d2635768e03|create sequence hibernate_sequence start with 1 increment by 1|create sequence hibernate_sequence start with 1 increment by 1
1631147759326|6|statement|connection 3|url jdbc:h2:mem:855cd649-ad31-4d5c-ac49-5d2635768e03|create table member (member_id bigint not null, created_by varchar(255), created_date timestamp, last_modified_by varchar(255), last_modified_date timestamp, age integer not null, username varchar(255), team_id bigint, primary key (member_id))|create table member (member_id bigint not null, created_by varchar(255), created_date timestamp, last_modified_by varchar(255), last_modified_date timestamp, age integer not null, username varchar(255), team_id bigint, primary key (member_id))
1631147759327|0|statement|connection 3|url jdbc:h2:mem:855cd649-ad31-4d5c-ac49-5d2635768e03|create table team (team_id bigint not null, name varchar(255), primary key (team_id))|create table team (team_id bigint not null, name varchar(255), primary key (team_id))
1631147759336|8|statement|connection 3|url jdbc:h2:mem:855cd649-ad31-4d5c-ac49-5d2635768e03|alter table member add constraint FKcjte2jn9pvo9ud2hyfgwcja0k foreign key (team_id) references team|alter table member add constraint FKcjte2jn9pvo9ud2hyfgwcja0k foreign key (team_id) references team
1631147760375|8|statement|connection 5|url jdbc:h2:mem:855cd649-ad31-4d5c-ac49-5d2635768e03|drop table if exists member CASCADE |drop table if exists member CASCADE 
1631147760378|1|statement|connection 5|url jdbc:h2:mem:855cd649-ad31-4d5c-ac49-5d2635768e03|drop table if exists team CASCADE |drop table if exists team CASCADE 
1631147760380|1|statement|connection 5|url jdbc:h2:mem:855cd649-ad31-4d5c-ac49-5d2635768e03|drop sequence if exists hibernate_sequence|drop sequence if exists hibernate_sequence
1631148446934|0|statement|connection 2|url jdbc:h2:mem:d991ca5a-9db8-4386-99ed-ac6c99fc096b|drop table if exists member CASCADE |drop table if exists member CASCADE 
1631148446934|0|statement|connection 2|url jdbc:h2:mem:d991ca5a-9db8-4386-99ed-ac6c99fc096b|drop table if exists team CASCADE |drop table if exists team CASCADE 
1631148446935|0|statement|connection 2|url jdbc:h2:mem:d991ca5a-9db8-4386-99ed-ac6c99fc096b|drop sequence if exists hibernate_sequence|drop sequence if exists hibernate_sequence
1631148446939|1|statement|connection 3|url jdbc:h2:mem:d991ca5a-9db8-4386-99ed-ac6c99fc096b|create sequence hibernate_sequence start with 1 increment by 1|create sequence hibernate_sequence start with 1 increment by 1
1631148446944|4|statement|connection 3|url jdbc:h2:mem:d991ca5a-9db8-4386-99ed-ac6c99fc096b|create table member (member_id bigint not null, created_by varchar(255), created_date timestamp, last_modified_by varchar(255), last_modified_date timestamp, age integer not null, username varchar(255), team_id bigint, primary key (member_id))|create table member (member_id bigint not null, created_by varchar(255), created_date timestamp, last_modified_by varchar(255), last_modified_date timestamp, age integer not null, username varchar(255), team_id bigint, primary key (member_id))
1631148446945|0|statement|connection 3|url jdbc:h2:mem:d991ca5a-9db8-4386-99ed-ac6c99fc096b|create table team (team_id bigint not null, name varchar(255), primary key (team_id))|create table team (team_id bigint not null, name varchar(255), primary key (team_id))
1631148446953|7|statement|connection 3|url jdbc:h2:mem:d991ca5a-9db8-4386-99ed-ac6c99fc096b|alter table member add constraint FKcjte2jn9pvo9ud2hyfgwcja0k foreign key (team_id) references team|alter table member add constraint FKcjte2jn9pvo9ud2hyfgwcja0k foreign key (team_id) references team
1631148447968|5|statement|connection 5|url jdbc:h2:mem:d991ca5a-9db8-4386-99ed-ac6c99fc096b|drop table if exists member CASCADE |drop table if exists member CASCADE 
1631148447969|1|statement|connection 5|url jdbc:h2:mem:d991ca5a-9db8-4386-99ed-ac6c99fc096b|drop table if exists team CASCADE |drop table if exists team CASCADE 
1631148447971|1|statement|connection 5|url jdbc:h2:mem:d991ca5a-9db8-4386-99ed-ac6c99fc096b|drop sequence if exists hibernate_sequence|drop sequence if exists hibernate_sequence
1631148526550|0|statement|connection 2|url jdbc:h2:mem:eb04b8f0-6cd6-4c04-924e-bff154e7699a|drop table if exists member CASCADE |drop table if exists member CASCADE 
1631148526551|0|statement|connection 2|url jdbc:h2:mem:eb04b8f0-6cd6-4c04-924e-bff154e7699a|drop table if exists team CASCADE |drop table if exists team CASCADE 
1631148526551|0|statement|connection 2|url jdbc:h2:mem:eb04b8f0-6cd6-4c04-924e-bff154e7699a|drop sequence if exists hibernate_sequence|drop sequence if exists hibernate_sequence
1631148526555|1|statement|connection 3|url jdbc:h2:mem:eb04b8f0-6cd6-4c04-924e-bff154e7699a|create sequence hibernate_sequence start with 1 increment by 1|create sequence hibernate_sequence start with 1 increment by 1
1631148526559|3|statement|connection 3|url jdbc:h2:mem:eb04b8f0-6cd6-4c04-924e-bff154e7699a|create table member (member_id bigint not null, created_by varchar(255), created_date timestamp, last_modified_by varchar(255), last_modified_date timestamp, age integer not null, username varchar(255), team_id bigint, primary key (member_id))|create table member (member_id bigint not null, created_by varchar(255), created_date timestamp, last_modified_by varchar(255), last_modified_date timestamp, age integer not null, username varchar(255), team_id bigint, primary key (member_id))
1631148526560|0|statement|connection 3|url jdbc:h2:mem:eb04b8f0-6cd6-4c04-924e-bff154e7699a|create table team (team_id bigint not null, name varchar(255), primary key (team_id))|create table team (team_id bigint not null, name varchar(255), primary key (team_id))
1631148526567|6|statement|connection 3|url jdbc:h2:mem:eb04b8f0-6cd6-4c04-924e-bff154e7699a|alter table member add constraint FKcjte2jn9pvo9ud2hyfgwcja0k foreign key (team_id) references team|alter table member add constraint FKcjte2jn9pvo9ud2hyfgwcja0k foreign key (team_id) references team
1631148527513|6|statement|connection 5|url jdbc:h2:mem:eb04b8f0-6cd6-4c04-924e-bff154e7699a|drop table if exists member CASCADE |drop table if exists member CASCADE 
1631148527515|1|statement|connection 5|url jdbc:h2:mem:eb04b8f0-6cd6-4c04-924e-bff154e7699a|drop table if exists team CASCADE |drop table if exists team CASCADE 
1631148527517|1|statement|connection 5|url jdbc:h2:mem:eb04b8f0-6cd6-4c04-924e-bff154e7699a|drop sequence if exists hibernate_sequence|drop sequence if exists hibernate_sequence
1631148588445|0|statement|connection 2|url jdbc:h2:mem:bbcb7fcd-7010-4b5d-8513-08fbbb1e42f2|drop table if exists member CASCADE |drop table if exists member CASCADE 
1631148588446|0|statement|connection 2|url jdbc:h2:mem:bbcb7fcd-7010-4b5d-8513-08fbbb1e42f2|drop table if exists team CASCADE |drop table if exists team CASCADE 
1631148588446|0|statement|connection 2|url jdbc:h2:mem:bbcb7fcd-7010-4b5d-8513-08fbbb1e42f2|drop sequence if exists hibernate_sequence|drop sequence if exists hibernate_sequence
1631148588450|1|statement|connection 3|url jdbc:h2:mem:bbcb7fcd-7010-4b5d-8513-08fbbb1e42f2|create sequence hibernate_sequence start with 1 increment by 1|create sequence hibernate_sequence start with 1 increment by 1
1631148588455|4|statement|connection 3|url jdbc:h2:mem:bbcb7fcd-7010-4b5d-8513-08fbbb1e42f2|create table member (member_id bigint not null, created_by varchar(255), created_date timestamp, last_modified_by varchar(255), last_modified_date timestamp, age integer not null, username varchar(255), team_id bigint, primary key (member_id))|create table member (member_id bigint not null, created_by varchar(255), created_date timestamp, last_modified_by varchar(255), last_modified_date timestamp, age integer not null, username varchar(255), team_id bigint, primary key (member_id))
1631148588456|0|statement|connection 3|url jdbc:h2:mem:bbcb7fcd-7010-4b5d-8513-08fbbb1e42f2|create table team (team_id bigint not null, name varchar(255), primary key (team_id))|create table team (team_id bigint not null, name varchar(255), primary key (team_id))
1631148588466|9|statement|connection 3|url jdbc:h2:mem:bbcb7fcd-7010-4b5d-8513-08fbbb1e42f2|alter table member add constraint FKcjte2jn9pvo9ud2hyfgwcja0k foreign key (team_id) references team|alter table member add constraint FKcjte2jn9pvo9ud2hyfgwcja0k foreign key (team_id) references team
1631148589457|5|statement|connection 5|url jdbc:h2:mem:bbcb7fcd-7010-4b5d-8513-08fbbb1e42f2|drop table if exists member CASCADE |drop table if exists member CASCADE 
1631148589459|1|statement|connection 5|url jdbc:h2:mem:bbcb7fcd-7010-4b5d-8513-08fbbb1e42f2|drop table if exists team CASCADE |drop table if exists team CASCADE 
1631148589461|0|statement|connection 5|url jdbc:h2:mem:bbcb7fcd-7010-4b5d-8513-08fbbb1e42f2|drop sequence if exists hibernate_sequence|drop sequence if exists hibernate_sequence
1631148599162|0|statement|connection 2|url jdbc:h2:mem:82bdfc24-a134-463b-bfe3-5dc28a1d17d1|drop table if exists member CASCADE |drop table if exists member CASCADE 
1631148599163|0|statement|connection 2|url jdbc:h2:mem:82bdfc24-a134-463b-bfe3-5dc28a1d17d1|drop table if exists team CASCADE |drop table if exists team CASCADE 
1631148599164|0|statement|connection 2|url jdbc:h2:mem:82bdfc24-a134-463b-bfe3-5dc28a1d17d1|drop sequence if exists hibernate_sequence|drop sequence if exists hibernate_sequence
1631148599168|1|statement|connection 3|url jdbc:h2:mem:82bdfc24-a134-463b-bfe3-5dc28a1d17d1|create sequence hibernate_sequence start with 1 increment by 1|create sequence hibernate_sequence start with 1 increment by 1
1631148599173|4|statement|connection 3|url jdbc:h2:mem:82bdfc24-a134-463b-bfe3-5dc28a1d17d1|create table member (member_id bigint not null, created_by varchar(255), created_date timestamp, last_modified_by varchar(255), last_modified_date timestamp, age integer not null, username varchar(255), team_id bigint, primary key (member_id))|create table member (member_id bigint not null, created_by varchar(255), created_date timestamp, last_modified_by varchar(255), last_modified_date timestamp, age integer not null, username varchar(255), team_id bigint, primary key (member_id))
1631148599174|0|statement|connection 3|url jdbc:h2:mem:82bdfc24-a134-463b-bfe3-5dc28a1d17d1|create table team (team_id bigint not null, name varchar(255), primary key (team_id))|create table team (team_id bigint not null, name varchar(255), primary key (team_id))
1631148599182|7|statement|connection 3|url jdbc:h2:mem:82bdfc24-a134-463b-bfe3-5dc28a1d17d1|alter table member add constraint FKcjte2jn9pvo9ud2hyfgwcja0k foreign key (team_id) references team|alter table member add constraint FKcjte2jn9pvo9ud2hyfgwcja0k foreign key (team_id) references team
1631148600234|6|statement|connection 5|url jdbc:h2:mem:82bdfc24-a134-463b-bfe3-5dc28a1d17d1|drop table if exists member CASCADE |drop table if exists member CASCADE 
1631148600236|0|statement|connection 5|url jdbc:h2:mem:82bdfc24-a134-463b-bfe3-5dc28a1d17d1|drop table if exists team CASCADE |drop table if exists team CASCADE 
1631148600237|0|statement|connection 5|url jdbc:h2:mem:82bdfc24-a134-463b-bfe3-5dc28a1d17d1|drop sequence if exists hibernate_sequence|drop sequence if exists hibernate_sequence
1631148618544|1|statement|connection 2|url jdbc:h2:mem:d6400c08-b3a5-4dc0-9ef9-d830fdc6a0ad|drop table if exists member CASCADE |drop table if exists member CASCADE 
1631148618544|0|statement|connection 2|url jdbc:h2:mem:d6400c08-b3a5-4dc0-9ef9-d830fdc6a0ad|drop table if exists team CASCADE |drop table if exists team CASCADE 
1631148618545|0|statement|connection 2|url jdbc:h2:mem:d6400c08-b3a5-4dc0-9ef9-d830fdc6a0ad|drop sequence if exists hibernate_sequence|drop sequence if exists hibernate_sequence
1631148618549|1|statement|connection 3|url jdbc:h2:mem:d6400c08-b3a5-4dc0-9ef9-d830fdc6a0ad|create sequence hibernate_sequence start with 1 increment by 1|create sequence hibernate_sequence start with 1 increment by 1
1631148618554|4|statement|connection 3|url jdbc:h2:mem:d6400c08-b3a5-4dc0-9ef9-d830fdc6a0ad|create table member (member_id bigint not null, created_by varchar(255), created_date timestamp, last_modified_by varchar(255), last_modified_date timestamp, age integer not null, username varchar(255), team_id bigint, primary key (member_id))|create table member (member_id bigint not null, created_by varchar(255), created_date timestamp, last_modified_by varchar(255), last_modified_date timestamp, age integer not null, username varchar(255), team_id bigint, primary key (member_id))
1631148618555|0|statement|connection 3|url jdbc:h2:mem:d6400c08-b3a5-4dc0-9ef9-d830fdc6a0ad|create table team (team_id bigint not null, name varchar(255), primary key (team_id))|create table team (team_id bigint not null, name varchar(255), primary key (team_id))
1631148618563|7|statement|connection 3|url jdbc:h2:mem:d6400c08-b3a5-4dc0-9ef9-d830fdc6a0ad|alter table member add constraint FKcjte2jn9pvo9ud2hyfgwcja0k foreign key (team_id) references team|alter table member add constraint FKcjte2jn9pvo9ud2hyfgwcja0k foreign key (team_id) references team
1631148619595|5|statement|connection 5|url jdbc:h2:mem:d6400c08-b3a5-4dc0-9ef9-d830fdc6a0ad|drop table if exists member CASCADE |drop table if exists member CASCADE 
1631148619597|1|statement|connection 5|url jdbc:h2:mem:d6400c08-b3a5-4dc0-9ef9-d830fdc6a0ad|drop table if exists team CASCADE |drop table if exists team CASCADE 
1631148619598|0|statement|connection 5|url jdbc:h2:mem:d6400c08-b3a5-4dc0-9ef9-d830fdc6a0ad|drop sequence if exists hibernate_sequence|drop sequence if exists hibernate_sequence
1631148743018|0|statement|connection 2|url jdbc:h2:mem:5e3a7c56-9b12-41f2-a0de-7a7a834079f2|drop table if exists member CASCADE |drop table if exists member CASCADE 
1631148743019|0|statement|connection 2|url jdbc:h2:mem:5e3a7c56-9b12-41f2-a0de-7a7a834079f2|drop table if exists team CASCADE |drop table if exists team CASCADE 
1631148743020|0|statement|connection 2|url jdbc:h2:mem:5e3a7c56-9b12-41f2-a0de-7a7a834079f2|drop sequence if exists hibernate_sequence|drop sequence if exists hibernate_sequence
1631148743023|1|statement|connection 3|url jdbc:h2:mem:5e3a7c56-9b12-41f2-a0de-7a7a834079f2|create sequence hibernate_sequence start with 1 increment by 1|create sequence hibernate_sequence start with 1 increment by 1
1631148743030|5|statement|connection 3|url jdbc:h2:mem:5e3a7c56-9b12-41f2-a0de-7a7a834079f2|create table member (member_id bigint not null, created_by varchar(255), created_date timestamp, last_modified_by varchar(255), last_modified_date timestamp, age integer not null, username varchar(255), team_id bigint, primary key (member_id))|create table member (member_id bigint not null, created_by varchar(255), created_date timestamp, last_modified_by varchar(255), last_modified_date timestamp, age integer not null, username varchar(255), team_id bigint, primary key (member_id))
1631148743031|0|statement|connection 3|url jdbc:h2:mem:5e3a7c56-9b12-41f2-a0de-7a7a834079f2|create table team (team_id bigint not null, name varchar(255), primary key (team_id))|create table team (team_id bigint not null, name varchar(255), primary key (team_id))
1631148743040|8|statement|connection 3|url jdbc:h2:mem:5e3a7c56-9b12-41f2-a0de-7a7a834079f2|alter table member add constraint FKcjte2jn9pvo9ud2hyfgwcja0k foreign key (team_id) references team|alter table member add constraint FKcjte2jn9pvo9ud2hyfgwcja0k foreign key (team_id) references team
1631148744080|5|statement|connection 5|url jdbc:h2:mem:5e3a7c56-9b12-41f2-a0de-7a7a834079f2|drop table if exists member CASCADE |drop table if exists member CASCADE 
1631148744081|0|statement|connection 5|url jdbc:h2:mem:5e3a7c56-9b12-41f2-a0de-7a7a834079f2|drop table if exists team CASCADE |drop table if exists team CASCADE 
1631148744083|0|statement|connection 5|url jdbc:h2:mem:5e3a7c56-9b12-41f2-a0de-7a7a834079f2|drop sequence if exists hibernate_sequence|drop sequence if exists hibernate_sequence
1631149009711|0|statement|connection 2|url jdbc:h2:mem:3e6eef8a-cfee-4914-9e12-6625fea55cef|drop table if exists member CASCADE |drop table if exists member CASCADE 
1631149009712|0|statement|connection 2|url jdbc:h2:mem:3e6eef8a-cfee-4914-9e12-6625fea55cef|drop table if exists team CASCADE |drop table if exists team CASCADE 
1631149009712|0|statement|connection 2|url jdbc:h2:mem:3e6eef8a-cfee-4914-9e12-6625fea55cef|drop sequence if exists hibernate_sequence|drop sequence if exists hibernate_sequence
1631149009716|1|statement|connection 3|url jdbc:h2:mem:3e6eef8a-cfee-4914-9e12-6625fea55cef|create sequence hibernate_sequence start with 1 increment by 1|create sequence hibernate_sequence start with 1 increment by 1
1631149009721|4|statement|connection 3|url jdbc:h2:mem:3e6eef8a-cfee-4914-9e12-6625fea55cef|create table member (member_id bigint not null, created_by varchar(255), created_date timestamp, last_modified_by varchar(255), last_modified_date timestamp, age integer not null, username varchar(255), team_id bigint, primary key (member_id))|create table member (member_id bigint not null, created_by varchar(255), created_date timestamp, last_modified_by varchar(255), last_modified_date timestamp, age integer not null, username varchar(255), team_id bigint, primary key (member_id))
1631149009722|0|statement|connection 3|url jdbc:h2:mem:3e6eef8a-cfee-4914-9e12-6625fea55cef|create table team (team_id bigint not null, name varchar(255), primary key (team_id))|create table team (team_id bigint not null, name varchar(255), primary key (team_id))
1631149009731|8|statement|connection 3|url jdbc:h2:mem:3e6eef8a-cfee-4914-9e12-6625fea55cef|alter table member add constraint FKcjte2jn9pvo9ud2hyfgwcja0k foreign key (team_id) references team|alter table member add constraint FKcjte2jn9pvo9ud2hyfgwcja0k foreign key (team_id) references team
1631149010781|7|statement|connection 5|url jdbc:h2:mem:3e6eef8a-cfee-4914-9e12-6625fea55cef|drop table if exists member CASCADE |drop table if exists member CASCADE 
1631149010783|1|statement|connection 5|url jdbc:h2:mem:3e6eef8a-cfee-4914-9e12-6625fea55cef|drop table if exists team CASCADE |drop table if exists team CASCADE 
1631149010785|1|statement|connection 5|url jdbc:h2:mem:3e6eef8a-cfee-4914-9e12-6625fea55cef|drop sequence if exists hibernate_sequence|drop sequence if exists hibernate_sequence
1631149256969|1|statement|connection 2|url jdbc:h2:mem:2a7192bd-1843-458f-9fa9-3dd72a9bcb4d|drop table if exists member CASCADE |drop table if exists member CASCADE 
1631149256970|0|statement|connection 2|url jdbc:h2:mem:2a7192bd-1843-458f-9fa9-3dd72a9bcb4d|drop table if exists team CASCADE |drop table if exists team CASCADE 
1631149256970|0|statement|connection 2|url jdbc:h2:mem:2a7192bd-1843-458f-9fa9-3dd72a9bcb4d|drop sequence if exists hibernate_sequence|drop sequence if exists hibernate_sequence
1631149256975|1|statement|connection 3|url jdbc:h2:mem:2a7192bd-1843-458f-9fa9-3dd72a9bcb4d|create sequence hibernate_sequence start with 1 increment by 1|create sequence hibernate_sequence start with 1 increment by 1
1631149256981|5|statement|connection 3|url jdbc:h2:mem:2a7192bd-1843-458f-9fa9-3dd72a9bcb4d|create table member (member_id bigint not null, created_by varchar(255), created_date timestamp, last_modified_by varchar(255), last_modified_date timestamp, age integer not null, username varchar(255), team_id bigint, primary key (member_id))|create table member (member_id bigint not null, created_by varchar(255), created_date timestamp, last_modified_by varchar(255), last_modified_date timestamp, age integer not null, username varchar(255), team_id bigint, primary key (member_id))
1631149256983|0|statement|connection 3|url jdbc:h2:mem:2a7192bd-1843-458f-9fa9-3dd72a9bcb4d|create table team (team_id bigint not null, name varchar(255), primary key (team_id))|create table team (team_id bigint not null, name varchar(255), primary key (team_id))
1631149256997|13|statement|connection 3|url jdbc:h2:mem:2a7192bd-1843-458f-9fa9-3dd72a9bcb4d|alter table member add constraint FKcjte2jn9pvo9ud2hyfgwcja0k foreign key (team_id) references team|alter table member add constraint FKcjte2jn9pvo9ud2hyfgwcja0k foreign key (team_id) references team
1631149258425|6|statement|connection 5|url jdbc:h2:mem:2a7192bd-1843-458f-9fa9-3dd72a9bcb4d|drop table if exists member CASCADE |drop table if exists member CASCADE 
1631149258427|1|statement|connection 5|url jdbc:h2:mem:2a7192bd-1843-458f-9fa9-3dd72a9bcb4d|drop table if exists team CASCADE |drop table if exists team CASCADE 
1631149258429|1|statement|connection 5|url jdbc:h2:mem:2a7192bd-1843-458f-9fa9-3dd72a9bcb4d|drop sequence if exists hibernate_sequence|drop sequence if exists hibernate_sequence
1631149599087|1|statement|connection 2|url jdbc:h2:mem:6aa67e72-32dc-461a-bc47-cfa16111fc8b|drop table if exists member CASCADE |drop table if exists member CASCADE 
1631149599088|0|statement|connection 2|url jdbc:h2:mem:6aa67e72-32dc-461a-bc47-cfa16111fc8b|drop table if exists team CASCADE |drop table if exists team CASCADE 
1631149599089|0|statement|connection 2|url jdbc:h2:mem:6aa67e72-32dc-461a-bc47-cfa16111fc8b|drop sequence if exists hibernate_sequence|drop sequence if exists hibernate_sequence
1631149599094|2|statement|connection 3|url jdbc:h2:mem:6aa67e72-32dc-461a-bc47-cfa16111fc8b|create sequence hibernate_sequence start with 1 increment by 1|create sequence hibernate_sequence start with 1 increment by 1
1631149599099|4|statement|connection 3|url jdbc:h2:mem:6aa67e72-32dc-461a-bc47-cfa16111fc8b|create table member (member_id bigint not null, created_by varchar(255), created_date timestamp, last_modified_by varchar(255), last_modified_date timestamp, age integer not null, username varchar(255), team_id bigint, primary key (member_id))|create table member (member_id bigint not null, created_by varchar(255), created_date timestamp, last_modified_by varchar(255), last_modified_date timestamp, age integer not null, username varchar(255), team_id bigint, primary key (member_id))
1631149599101|0|statement|connection 3|url jdbc:h2:mem:6aa67e72-32dc-461a-bc47-cfa16111fc8b|create table team (team_id bigint not null, name varchar(255), primary key (team_id))|create table team (team_id bigint not null, name varchar(255), primary key (team_id))
1631149599111|9|statement|connection 3|url jdbc:h2:mem:6aa67e72-32dc-461a-bc47-cfa16111fc8b|alter table member add constraint FKcjte2jn9pvo9ud2hyfgwcja0k foreign key (team_id) references team|alter table member add constraint FKcjte2jn9pvo9ud2hyfgwcja0k foreign key (team_id) references team
1631149600215|6|statement|connection 5|url jdbc:h2:mem:6aa67e72-32dc-461a-bc47-cfa16111fc8b|drop table if exists member CASCADE |drop table if exists member CASCADE 
1631149600216|1|statement|connection 5|url jdbc:h2:mem:6aa67e72-32dc-461a-bc47-cfa16111fc8b|drop table if exists team CASCADE |drop table if exists team CASCADE 
1631149600218|1|statement|connection 5|url jdbc:h2:mem:6aa67e72-32dc-461a-bc47-cfa16111fc8b|drop sequence if exists hibernate_sequence|drop sequence if exists hibernate_sequence
1631150024448|0|statement|connection 2|url jdbc:h2:mem:e8289c2d-b0aa-43f2-9b76-7719b9dcbf1b|drop table if exists member CASCADE |drop table if exists member CASCADE 
1631150024449|0|statement|connection 2|url jdbc:h2:mem:e8289c2d-b0aa-43f2-9b76-7719b9dcbf1b|drop table if exists team CASCADE |drop table if exists team CASCADE 
1631150024450|0|statement|connection 2|url jdbc:h2:mem:e8289c2d-b0aa-43f2-9b76-7719b9dcbf1b|drop sequence if exists hibernate_sequence|drop sequence if exists hibernate_sequence
1631150024453|1|statement|connection 3|url jdbc:h2:mem:e8289c2d-b0aa-43f2-9b76-7719b9dcbf1b|create sequence hibernate_sequence start with 1 increment by 1|create sequence hibernate_sequence start with 1 increment by 1
1631150024460|6|statement|connection 3|url jdbc:h2:mem:e8289c2d-b0aa-43f2-9b76-7719b9dcbf1b|create table member (member_id bigint not null, created_by varchar(255), created_date timestamp, last_modified_by varchar(255), last_modified_date timestamp, age integer not null, username varchar(255), team_id bigint, primary key (member_id))|create table member (member_id bigint not null, created_by varchar(255), created_date timestamp, last_modified_by varchar(255), last_modified_date timestamp, age integer not null, username varchar(255), team_id bigint, primary key (member_id))
1631150024461|0|statement|connection 3|url jdbc:h2:mem:e8289c2d-b0aa-43f2-9b76-7719b9dcbf1b|create table team (team_id bigint not null, name varchar(255), primary key (team_id))|create table team (team_id bigint not null, name varchar(255), primary key (team_id))
1631150024468|7|statement|connection 3|url jdbc:h2:mem:e8289c2d-b0aa-43f2-9b76-7719b9dcbf1b|alter table member add constraint FKcjte2jn9pvo9ud2hyfgwcja0k foreign key (team_id) references team|alter table member add constraint FKcjte2jn9pvo9ud2hyfgwcja0k foreign key (team_id) references team
1631150025546|5|statement|connection 5|url jdbc:h2:mem:e8289c2d-b0aa-43f2-9b76-7719b9dcbf1b|drop table if exists member CASCADE |drop table if exists member CASCADE 
1631150025548|1|statement|connection 5|url jdbc:h2:mem:e8289c2d-b0aa-43f2-9b76-7719b9dcbf1b|drop table if exists team CASCADE |drop table if exists team CASCADE 
1631150025550|1|statement|connection 5|url jdbc:h2:mem:e8289c2d-b0aa-43f2-9b76-7719b9dcbf1b|drop sequence if exists hibernate_sequence|drop sequence if exists hibernate_sequence
1631151757183|0|statement|connection 2|url jdbc:h2:mem:6ed0a4d6-587a-4bcf-b685-610e5120676f|drop table if exists member CASCADE |drop table if exists member CASCADE 
1631151757184|0|statement|connection 2|url jdbc:h2:mem:6ed0a4d6-587a-4bcf-b685-610e5120676f|drop table if exists team CASCADE |drop table if exists team CASCADE 
1631151757184|0|statement|connection 2|url jdbc:h2:mem:6ed0a4d6-587a-4bcf-b685-610e5120676f|drop sequence if exists hibernate_sequence|drop sequence if exists hibernate_sequence
1631151757188|1|statement|connection 3|url jdbc:h2:mem:6ed0a4d6-587a-4bcf-b685-610e5120676f|create sequence hibernate_sequence start with 1 increment by 1|create sequence hibernate_sequence start with 1 increment by 1
1631151757199|9|statement|connection 3|url jdbc:h2:mem:6ed0a4d6-587a-4bcf-b685-610e5120676f|create table member (member_id bigint not null, created_by varchar(255), created_date timestamp, last_modified_by varchar(255), last_modified_date timestamp, age integer not null, username varchar(255), team_id bigint, primary key (member_id))|create table member (member_id bigint not null, created_by varchar(255), created_date timestamp, last_modified_by varchar(255), last_modified_date timestamp, age integer not null, username varchar(255), team_id bigint, primary key (member_id))
1631151757200|0|statement|connection 3|url jdbc:h2:mem:6ed0a4d6-587a-4bcf-b685-610e5120676f|create table team (team_id bigint not null, name varchar(255), primary key (team_id))|create table team (team_id bigint not null, name varchar(255), primary key (team_id))
1631151757209|8|statement|connection 3|url jdbc:h2:mem:6ed0a4d6-587a-4bcf-b685-610e5120676f|alter table member add constraint FKcjte2jn9pvo9ud2hyfgwcja0k foreign key (team_id) references team|alter table member add constraint FKcjte2jn9pvo9ud2hyfgwcja0k foreign key (team_id) references team
1631151759049|7|statement|connection 5|url jdbc:h2:mem:6ed0a4d6-587a-4bcf-b685-610e5120676f|drop table if exists member CASCADE |drop table if exists member CASCADE 
1631151759052|1|statement|connection 5|url jdbc:h2:mem:6ed0a4d6-587a-4bcf-b685-610e5120676f|drop table if exists team CASCADE |drop table if exists team CASCADE 
1631151759053|1|statement|connection 5|url jdbc:h2:mem:6ed0a4d6-587a-4bcf-b685-610e5120676f|drop sequence if exists hibernate_sequence|drop sequence if exists hibernate_sequence
1631151759657|1|statement|connection 2|url jdbc:h2:mem:7eb5df15-39e6-40ee-93d3-6949525afe75|drop table if exists member CASCADE |drop table if exists member CASCADE 
1631151759658|0|statement|connection 2|url jdbc:h2:mem:7eb5df15-39e6-40ee-93d3-6949525afe75|drop table if exists team CASCADE |drop table if exists team CASCADE 
1631151759659|0|statement|connection 2|url jdbc:h2:mem:7eb5df15-39e6-40ee-93d3-6949525afe75|drop sequence if exists hibernate_sequence|drop sequence if exists hibernate_sequence
1631151759665|2|statement|connection 3|url jdbc:h2:mem:7eb5df15-39e6-40ee-93d3-6949525afe75|create sequence hibernate_sequence start with 1 increment by 1|create sequence hibernate_sequence start with 1 increment by 1
1631151759673|7|statement|connection 3|url jdbc:h2:mem:7eb5df15-39e6-40ee-93d3-6949525afe75|create table member (member_id bigint not null, created_by varchar(255), created_date timestamp, last_modified_by varchar(255), last_modified_date timestamp, age integer not null, username varchar(255), team_id bigint, primary key (member_id))|create table member (member_id bigint not null, created_by varchar(255), created_date timestamp, last_modified_by varchar(255), last_modified_date timestamp, age integer not null, username varchar(255), team_id bigint, primary key (member_id))
1631151759676|1|statement|connection 3|url jdbc:h2:mem:7eb5df15-39e6-40ee-93d3-6949525afe75|create table team (team_id bigint not null, name varchar(255), primary key (team_id))|create table team (team_id bigint not null, name varchar(255), primary key (team_id))
1631151759686|9|statement|connection 3|url jdbc:h2:mem:7eb5df15-39e6-40ee-93d3-6949525afe75|alter table member add constraint FKcjte2jn9pvo9ud2hyfgwcja0k foreign key (team_id) references team|alter table member add constraint FKcjte2jn9pvo9ud2hyfgwcja0k foreign key (team_id) references team
1631151761110|8|statement|connection 5|url jdbc:h2:mem:7eb5df15-39e6-40ee-93d3-6949525afe75|drop table if exists member CASCADE |drop table if exists member CASCADE 
1631151761113|1|statement|connection 5|url jdbc:h2:mem:7eb5df15-39e6-40ee-93d3-6949525afe75|drop table if exists team CASCADE |drop table if exists team CASCADE 
1631151761114|1|statement|connection 5|url jdbc:h2:mem:7eb5df15-39e6-40ee-93d3-6949525afe75|drop sequence if exists hibernate_sequence|drop sequence if exists hibernate_sequence
1631151959477|1|statement|connection 2|url jdbc:h2:mem:18489a7e-7f68-4f3a-a622-8e2042f10b49|drop table if exists member CASCADE |drop table if exists member CASCADE 
1631151959478|0|statement|connection 2|url jdbc:h2:mem:18489a7e-7f68-4f3a-a622-8e2042f10b49|drop table if exists team CASCADE |drop table if exists team CASCADE 
1631151959478|0|statement|connection 2|url jdbc:h2:mem:18489a7e-7f68-4f3a-a622-8e2042f10b49|drop sequence if exists hibernate_sequence|drop sequence if exists hibernate_sequence
1631151959482|1|statement|connection 3|url jdbc:h2:mem:18489a7e-7f68-4f3a-a622-8e2042f10b49|create sequence hibernate_sequence start with 1 increment by 1|create sequence hibernate_sequence start with 1 increment by 1
1631151959489|6|statement|connection 3|url jdbc:h2:mem:18489a7e-7f68-4f3a-a622-8e2042f10b49|create table member (member_id bigint not null, created_by varchar(255), created_date timestamp, last_modified_by varchar(255), last_modified_date timestamp, age integer not null, username varchar(255), team_id bigint, primary key (member_id))|create table member (member_id bigint not null, created_by varchar(255), created_date timestamp, last_modified_by varchar(255), last_modified_date timestamp, age integer not null, username varchar(255), team_id bigint, primary key (member_id))
1631151959490|0|statement|connection 3|url jdbc:h2:mem:18489a7e-7f68-4f3a-a622-8e2042f10b49|create table team (team_id bigint not null, name varchar(255), primary key (team_id))|create table team (team_id bigint not null, name varchar(255), primary key (team_id))
1631151959499|7|statement|connection 3|url jdbc:h2:mem:18489a7e-7f68-4f3a-a622-8e2042f10b49|alter table member add constraint FKcjte2jn9pvo9ud2hyfgwcja0k foreign key (team_id) references team|alter table member add constraint FKcjte2jn9pvo9ud2hyfgwcja0k foreign key (team_id) references team
1631151960547|5|statement|connection 5|url jdbc:h2:mem:18489a7e-7f68-4f3a-a622-8e2042f10b49|drop table if exists member CASCADE |drop table if exists member CASCADE 
1631151960549|1|statement|connection 5|url jdbc:h2:mem:18489a7e-7f68-4f3a-a622-8e2042f10b49|drop table if exists team CASCADE |drop table if exists team CASCADE 
1631151960551|1|statement|connection 5|url jdbc:h2:mem:18489a7e-7f68-4f3a-a622-8e2042f10b49|drop sequence if exists hibernate_sequence|drop sequence if exists hibernate_sequence
1631153018522|1|statement|connection 2|url jdbc:h2:mem:eef7513d-71f6-4677-8783-83de2f1cd4ee|drop table if exists member CASCADE |drop table if exists member CASCADE 
1631153018523|0|statement|connection 2|url jdbc:h2:mem:eef7513d-71f6-4677-8783-83de2f1cd4ee|drop table if exists team CASCADE |drop table if exists team CASCADE 
1631153018523|0|statement|connection 2|url jdbc:h2:mem:eef7513d-71f6-4677-8783-83de2f1cd4ee|drop sequence if exists hibernate_sequence|drop sequence if exists hibernate_sequence
1631153018527|1|statement|connection 3|url jdbc:h2:mem:eef7513d-71f6-4677-8783-83de2f1cd4ee|create sequence hibernate_sequence start with 1 increment by 1|create sequence hibernate_sequence start with 1 increment by 1
1631153018533|5|statement|connection 3|url jdbc:h2:mem:eef7513d-71f6-4677-8783-83de2f1cd4ee|create table member (member_id bigint not null, created_by varchar(255), created_date timestamp, last_modified_by varchar(255), last_modified_date timestamp, age integer not null, username varchar(255), team_id bigint, primary key (member_id))|create table member (member_id bigint not null, created_by varchar(255), created_date timestamp, last_modified_by varchar(255), last_modified_date timestamp, age integer not null, username varchar(255), team_id bigint, primary key (member_id))
1631153018534|0|statement|connection 3|url jdbc:h2:mem:eef7513d-71f6-4677-8783-83de2f1cd4ee|create table team (team_id bigint not null, name varchar(255), primary key (team_id))|create table team (team_id bigint not null, name varchar(255), primary key (team_id))
1631153018542|7|statement|connection 3|url jdbc:h2:mem:eef7513d-71f6-4677-8783-83de2f1cd4ee|alter table member add constraint FKcjte2jn9pvo9ud2hyfgwcja0k foreign key (team_id) references team|alter table member add constraint FKcjte2jn9pvo9ud2hyfgwcja0k foreign key (team_id) references team
1631153019663|5|statement|connection 5|url jdbc:h2:mem:eef7513d-71f6-4677-8783-83de2f1cd4ee|drop table if exists member CASCADE |drop table if exists member CASCADE 
1631153019665|0|statement|connection 5|url jdbc:h2:mem:eef7513d-71f6-4677-8783-83de2f1cd4ee|drop table if exists team CASCADE |drop table if exists team CASCADE 
1631153019666|0|statement|connection 5|url jdbc:h2:mem:eef7513d-71f6-4677-8783-83de2f1cd4ee|drop sequence if exists hibernate_sequence|drop sequence if exists hibernate_sequence
1631153071601|0|statement|connection 2|url jdbc:h2:mem:b36b42e8-438a-4a8c-acec-f4af6ce855d4|drop table if exists member CASCADE |drop table if exists member CASCADE 
1631153071602|0|statement|connection 2|url jdbc:h2:mem:b36b42e8-438a-4a8c-acec-f4af6ce855d4|drop table if exists team CASCADE |drop table if exists team CASCADE 
1631153071602|0|statement|connection 2|url jdbc:h2:mem:b36b42e8-438a-4a8c-acec-f4af6ce855d4|drop sequence if exists hibernate_sequence|drop sequence if exists hibernate_sequence
1631153071606|1|statement|connection 3|url jdbc:h2:mem:b36b42e8-438a-4a8c-acec-f4af6ce855d4|create sequence hibernate_sequence start with 1 increment by 1|create sequence hibernate_sequence start with 1 increment by 1
1631153071611|4|statement|connection 3|url jdbc:h2:mem:b36b42e8-438a-4a8c-acec-f4af6ce855d4|create table member (member_id bigint not null, created_by varchar(255), created_date timestamp, last_modified_by varchar(255), last_modified_date timestamp, age integer not null, username varchar(255), team_id bigint, primary key (member_id))|create table member (member_id bigint not null, created_by varchar(255), created_date timestamp, last_modified_by varchar(255), last_modified_date timestamp, age integer not null, username varchar(255), team_id bigint, primary key (member_id))
1631153071612|0|statement|connection 3|url jdbc:h2:mem:b36b42e8-438a-4a8c-acec-f4af6ce855d4|create table team (team_id bigint not null, name varchar(255), primary key (team_id))|create table team (team_id bigint not null, name varchar(255), primary key (team_id))
1631153071619|6|statement|connection 3|url jdbc:h2:mem:b36b42e8-438a-4a8c-acec-f4af6ce855d4|alter table member add constraint FKcjte2jn9pvo9ud2hyfgwcja0k foreign key (team_id) references team|alter table member add constraint FKcjte2jn9pvo9ud2hyfgwcja0k foreign key (team_id) references team
1631153568524|1|statement|connection 2|url jdbc:h2:mem:91a416b1-9f12-48ae-b86b-7883668bbc31|drop table if exists member CASCADE |drop table if exists member CASCADE 
1631153568526|0|statement|connection 2|url jdbc:h2:mem:91a416b1-9f12-48ae-b86b-7883668bbc31|drop table if exists team CASCADE |drop table if exists team CASCADE 
1631153568526|0|statement|connection 2|url jdbc:h2:mem:91a416b1-9f12-48ae-b86b-7883668bbc31|drop sequence if exists hibernate_sequence|drop sequence if exists hibernate_sequence
1631153568531|2|statement|connection 3|url jdbc:h2:mem:91a416b1-9f12-48ae-b86b-7883668bbc31|create sequence hibernate_sequence start with 1 increment by 1|create sequence hibernate_sequence start with 1 increment by 1
1631153568537|5|statement|connection 3|url jdbc:h2:mem:91a416b1-9f12-48ae-b86b-7883668bbc31|create table member (member_id bigint not null, created_by varchar(255), created_date timestamp, last_modified_by varchar(255), last_modified_date timestamp, age integer not null, username varchar(255), team_id bigint, primary key (member_id))|create table member (member_id bigint not null, created_by varchar(255), created_date timestamp, last_modified_by varchar(255), last_modified_date timestamp, age integer not null, username varchar(255), team_id bigint, primary key (member_id))
1631153568539|0|statement|connection 3|url jdbc:h2:mem:91a416b1-9f12-48ae-b86b-7883668bbc31|create table team (team_id bigint not null, name varchar(255), primary key (team_id))|create table team (team_id bigint not null, name varchar(255), primary key (team_id))
1631153568547|7|statement|connection 3|url jdbc:h2:mem:91a416b1-9f12-48ae-b86b-7883668bbc31|alter table member add constraint FKcjte2jn9pvo9ud2hyfgwcja0k foreign key (team_id) references team|alter table member add constraint FKcjte2jn9pvo9ud2hyfgwcja0k foreign key (team_id) references team
1631153569454|6|statement|connection 5|url jdbc:h2:mem:91a416b1-9f12-48ae-b86b-7883668bbc31|drop table if exists member CASCADE |drop table if exists member CASCADE 
1631153569455|0|statement|connection 5|url jdbc:h2:mem:91a416b1-9f12-48ae-b86b-7883668bbc31|drop table if exists team CASCADE |drop table if exists team CASCADE 
1631153569456|0|statement|connection 5|url jdbc:h2:mem:91a416b1-9f12-48ae-b86b-7883668bbc31|drop sequence if exists hibernate_sequence|drop sequence if exists hibernate_sequence
1631153584327|1|statement|connection 2|url jdbc:h2:mem:e7f11f8e-ee7a-484d-a4ad-9c6da61d8be2|drop table if exists member CASCADE |drop table if exists member CASCADE 
1631153584329|0|statement|connection 2|url jdbc:h2:mem:e7f11f8e-ee7a-484d-a4ad-9c6da61d8be2|drop table if exists team CASCADE |drop table if exists team CASCADE 
1631153584329|0|statement|connection 2|url jdbc:h2:mem:e7f11f8e-ee7a-484d-a4ad-9c6da61d8be2|drop sequence if exists hibernate_sequence|drop sequence if exists hibernate_sequence
1631153584333|1|statement|connection 3|url jdbc:h2:mem:e7f11f8e-ee7a-484d-a4ad-9c6da61d8be2|create sequence hibernate_sequence start with 1 increment by 1|create sequence hibernate_sequence start with 1 increment by 1
1631153584339|5|statement|connection 3|url jdbc:h2:mem:e7f11f8e-ee7a-484d-a4ad-9c6da61d8be2|create table member (member_id bigint not null, created_by varchar(255), created_date timestamp, last_modified_by varchar(255), last_modified_date timestamp, age integer not null, username varchar(255), team_id bigint, primary key (member_id))|create table member (member_id bigint not null, created_by varchar(255), created_date timestamp, last_modified_by varchar(255), last_modified_date timestamp, age integer not null, username varchar(255), team_id bigint, primary key (member_id))
1631153584341|0|statement|connection 3|url jdbc:h2:mem:e7f11f8e-ee7a-484d-a4ad-9c6da61d8be2|create table team (team_id bigint not null, name varchar(255), primary key (team_id))|create table team (team_id bigint not null, name varchar(255), primary key (team_id))
1631153584349|8|statement|connection 3|url jdbc:h2:mem:e7f11f8e-ee7a-484d-a4ad-9c6da61d8be2|alter table member add constraint FKcjte2jn9pvo9ud2hyfgwcja0k foreign key (team_id) references team|alter table member add constraint FKcjte2jn9pvo9ud2hyfgwcja0k foreign key (team_id) references team
1631153585307|5|statement|connection 5|url jdbc:h2:mem:e7f11f8e-ee7a-484d-a4ad-9c6da61d8be2|drop table if exists member CASCADE |drop table if exists member CASCADE 
1631153585309|1|statement|connection 5|url jdbc:h2:mem:e7f11f8e-ee7a-484d-a4ad-9c6da61d8be2|drop table if exists team CASCADE |drop table if exists team CASCADE 
1631153585310|0|statement|connection 5|url jdbc:h2:mem:e7f11f8e-ee7a-484d-a4ad-9c6da61d8be2|drop sequence if exists hibernate_sequence|drop sequence if exists hibernate_sequence
1631154327475|0|statement|connection 2|url jdbc:h2:mem:43306a10-6073-438e-8878-8fe6d256e6d3|drop table if exists member CASCADE |drop table if exists member CASCADE 
1631154327477|0|statement|connection 2|url jdbc:h2:mem:43306a10-6073-438e-8878-8fe6d256e6d3|drop table if exists team CASCADE |drop table if exists team CASCADE 
1631154327477|0|statement|connection 2|url jdbc:h2:mem:43306a10-6073-438e-8878-8fe6d256e6d3|drop sequence if exists hibernate_sequence|drop sequence if exists hibernate_sequence
1631154327481|1|statement|connection 3|url jdbc:h2:mem:43306a10-6073-438e-8878-8fe6d256e6d3|create sequence hibernate_sequence start with 1 increment by 1|create sequence hibernate_sequence start with 1 increment by 1
1631154327486|4|statement|connection 3|url jdbc:h2:mem:43306a10-6073-438e-8878-8fe6d256e6d3|create table member (member_id bigint not null, created_by varchar(255), created_date timestamp, last_modified_by varchar(255), last_modified_date timestamp, age integer not null, username varchar(255), team_id bigint, primary key (member_id))|create table member (member_id bigint not null, created_by varchar(255), created_date timestamp, last_modified_by varchar(255), last_modified_date timestamp, age integer not null, username varchar(255), team_id bigint, primary key (member_id))
1631154327487|0|statement|connection 3|url jdbc:h2:mem:43306a10-6073-438e-8878-8fe6d256e6d3|create table team (team_id bigint not null, name varchar(255), primary key (team_id))|create table team (team_id bigint not null, name varchar(255), primary key (team_id))
1631154327494|7|statement|connection 3|url jdbc:h2:mem:43306a10-6073-438e-8878-8fe6d256e6d3|alter table member add constraint FKcjte2jn9pvo9ud2hyfgwcja0k foreign key (team_id) references team|alter table member add constraint FKcjte2jn9pvo9ud2hyfgwcja0k foreign key (team_id) references team
1631154328413|5|statement|connection 5|url jdbc:h2:mem:43306a10-6073-438e-8878-8fe6d256e6d3|drop table if exists member CASCADE |drop table if exists member CASCADE 
1631154328414|1|statement|connection 5|url jdbc:h2:mem:43306a10-6073-438e-8878-8fe6d256e6d3|drop table if exists team CASCADE |drop table if exists team CASCADE 
1631154328416|0|statement|connection 5|url jdbc:h2:mem:43306a10-6073-438e-8878-8fe6d256e6d3|drop sequence if exists hibernate_sequence|drop sequence if exists hibernate_sequence
